This file contains any messages produced by compilers while
running configure, to aid debugging if configure makes a mistake.

It was created by heat configure 1.17, which was
generated by GNU Autoconf 2.63.  Invocation command line was

  $ ./configure --disable-option-checking --prefix=/usr/local CC=gcc-6 --cache-file=/dev/null --srcdir=.

## --------- ##
## Platform. ##
## --------- ##

hostname = Hassans-MacBook-Pro.local
uname -m = x86_64
uname -r = 16.3.0
uname -s = Darwin
uname -v = Darwin Kernel Version 16.3.0: Thu Nov 17 20:23:58 PST 2016; root:xnu-3789.31.2~1/RELEASE_X86_64

/usr/bin/uname -p = i386
/bin/uname -X     = unknown

/bin/arch              = unknown
/usr/bin/arch -k       = unknown
/usr/convex/getsysinfo = unknown
/usr/bin/hostinfo      = Mach kernel version:
	 Darwin Kernel Version 16.3.0: Thu Nov 17 20:23:58 PST 2016; root:xnu-3789.31.2~1/RELEASE_X86_64
Kernel configured for up to 4 processors.
2 processors are physically available.
4 processors are logically available.
Processor type: x86_64h (Intel x86-64h Haswell)
Processors active: 0 1 2 3
Primary memory available: 8.00 gigabytes
Default processor set: 287 tasks, 1050 threads, 4 processors
Load average: 1.79, Mach factor: 2.20
/bin/machine           = unknown
/usr/bin/oslevel       = unknown
/bin/universe          = unknown

PATH: /usr/local/bin
PATH: /usr/bin
PATH: /bin
PATH: /usr/sbin
PATH: /sbin


## ----------- ##
## Core tests. ##
## ----------- ##

configure:1847: checking for a BSD-compatible install
configure:1915: result: /usr/bin/install -c
configure:1926: checking whether build environment is sane
configure:1986: result: yes
configure:2127: checking for a thread-safe mkdir -p
configure:2166: result: build-aux/install-sh -c -d
configure:2179: checking for gawk
configure:2209: result: no
configure:2179: checking for mawk
configure:2209: result: no
configure:2179: checking for nawk
configure:2209: result: no
configure:2179: checking for awk
configure:2195: found /usr/bin/awk
configure:2206: result: awk
configure:2217: checking whether make sets $(MAKE)
configure:2239: result: yes
configure:2359: checking for ranlib
configure:2375: found /usr/bin/ranlib
configure:2386: result: ranlib
configure:2420: checking for style of include used by make
configure:2448: result: GNU
configure:2518: checking for gcc
configure:2545: result: gcc-6
configure:2777: checking for C compiler version
configure:2785: gcc-6 --version >&5
gcc-6 (Homebrew GCC 6.3.0_1) 6.3.0
Copyright (C) 2016 Free Software Foundation, Inc.
This is free software; see the source for copying conditions.  There is NO
warranty; not even for MERCHANTABILITY or FITNESS FOR A PARTICULAR PURPOSE.

configure:2789: $? = 0
configure:2796: gcc-6 -v >&5
Using built-in specs.
COLLECT_GCC=gcc-6
COLLECT_LTO_WRAPPER=/usr/local/Cellar/gcc/6.3.0_1/libexec/gcc/x86_64-apple-darwin16.3.0/6.3.0/lto-wrapper
Target: x86_64-apple-darwin16.3.0
Configured with: ../configure --build=x86_64-apple-darwin16.3.0 --prefix=/usr/local/Cellar/gcc/6.3.0_1 --libdir=/usr/local/Cellar/gcc/6.3.0_1/lib/gcc/6 --enable-languages=c,c++,objc,obj-c++,fortran --program-suffix=-6 --with-gmp=/usr/local/opt/gmp --with-mpfr=/usr/local/opt/mpfr --with-mpc=/usr/local/opt/libmpc --with-isl=/usr/local/opt/isl --with-system-zlib --enable-libstdcxx-time=yes --enable-stage1-checking --enable-checking=release --enable-lto --with-build-config=bootstrap-debug --disable-werror --with-pkgversion='Homebrew GCC 6.3.0_1' --with-bugurl=https://github.com/Homebrew/homebrew-core/issues --enable-plugin --disable-nls --enable-multilib
Thread model: posix
gcc version 6.3.0 (Homebrew GCC 6.3.0_1) 
configure:2800: $? = 0
configure:2807: gcc-6 -V >&5
gcc-6: error: unrecognized command line option '-V'
gcc-6: fatal error: no input files
compilation terminated.
configure:2811: $? = 1
configure:2834: checking for C compiler default output file name
configure:2856: gcc-6    conftest.c  >&5
configure:2860: $? = 0
configure:2898: result: a.out
configure:2917: checking whether the C compiler works
configure:2927: ./a.out
configure:2931: $? = 0
configure:2950: result: yes
configure:2957: checking whether we are cross compiling
configure:2959: result: no
configure:2962: checking for suffix of executables
configure:2969: gcc-6 -o conftest    conftest.c  >&5
configure:2973: $? = 0
configure:2999: result: 
configure:3005: checking for suffix of object files
configure:3031: gcc-6 -c   conftest.c >&5
configure:3035: $? = 0
configure:3060: result: o
configure:3064: checking whether we are using the GNU C compiler
configure:3093: gcc-6 -c   conftest.c >&5
configure:3100: $? = 0
configure:3117: result: yes
configure:3126: checking whether gcc-6 accepts -g
configure:3156: gcc-6 -c -g  conftest.c >&5
configure:3163: $? = 0
configure:3264: result: yes
configure:3281: checking for gcc-6 option to accept ISO C89
configure:3355: gcc-6  -c -g -O2  conftest.c >&5
configure:3362: $? = 0
configure:3385: result: none needed
configure:3405: checking dependency style of gcc-6
configure:3515: result: gcc3
configure:3530: checking for gcc-6 option to accept ISO C99
configure:3689: gcc-6  -c -g -O2  conftest.c >&5
configure:3696: $? = 0
configure:3719: result: none needed
configure:3733: checking for an ANSI C-conforming const
configure:3808: gcc-6 -c -g -O2  conftest.c >&5
configure:3815: $? = 0
configure:3830: result: yes
configure:3840: checking for C/C++ restrict keyword
configure:3875: gcc-6 -c -g -O2  conftest.c >&5
configure:3882: $? = 0
configure:3900: result: __restrict
configure:3916: checking for working volatile
configure:3945: gcc-6 -c -g -O2  conftest.c >&5
configure:3952: $? = 0
configure:3967: result: yes
configure:3978: checking for library containing fabs
configure:4019: gcc-6 -o conftest -g -O2   conftest.c  >&5
conftest.c:16:6: warning: conflicting types for built-in function 'fabs'
 char fabs ();
      ^~~~
configure:4026: $? = 0
configure:4057: result: none required
configure:4065: checking for library containing fmin
configure:4106: gcc-6 -o conftest -g -O2   conftest.c  >&5
conftest.c:16:6: warning: conflicting types for built-in function 'fmin'
 char fmin ();
      ^~~~
configure:4113: $? = 0
configure:4144: result: none required
configure:4152: checking for library containing fmax
configure:4193: gcc-6 -o conftest -g -O2   conftest.c  >&5
conftest.c:16:6: warning: conflicting types for built-in function 'fmax'
 char fmax ();
      ^~~~
configure:4200: $? = 0
configure:4231: result: none required
configure:4239: checking for library containing sqrt
configure:4280: gcc-6 -o conftest -g -O2   conftest.c  >&5
conftest.c:16:6: warning: conflicting types for built-in function 'sqrt'
 char sqrt ();
      ^~~~
configure:4287: $? = 0
configure:4318: result: none required
configure:4346: checking build system type
configure:4364: result: x86_64-apple-darwin16.3.0
configure:4386: checking host system type
configure:4401: result: x86_64-apple-darwin16.3.0
configure:4619: checking for the pthreads library -lpthreads
configure:4662: gcc-6 -o conftest -g -O2 -Wall   -I$(COMMON)  conftest.c -lpthreads  >&5
conftest.c: In function 'main':
conftest.c:13:15: warning: 'th' is used uninitialized in this function [-Wuninitialized]
 pthread_t th; pthread_join(th, 0);
               ^~~~~~~~~~~~~~~~~~~
ld: library not found for -lpthreads
collect2: error: ld returned 1 exit status
configure:4669: $? = 1
configure: failed program was:
| /* confdefs.h.  */
| #define PACKAGE_NAME "heat"
| #define PACKAGE_TARNAME "heat"
| #define PACKAGE_VERSION "1.17"
| #define PACKAGE_STRING "heat 1.17"
| #define PACKAGE_BUGREPORT "pcs2015@list.uva.nl"
| #define restrict __restrict
| /* end confdefs.h.  */
| #include <pthread.h>
| int
| main ()
| {
| pthread_t th; pthread_join(th, 0);
|                      pthread_attr_init(0); pthread_cleanup_push(0, 0);
|                      pthread_create(0,0,0,0); pthread_cleanup_pop(0);
|   ;
|   return 0;
| }
configure:4692: result: no
configure:4564: checking whether pthreads work without any flags
configure:4662: gcc-6 -o conftest -g -O2 -Wall   -I$(COMMON)  conftest.c   >&5
conftest.c: In function 'main':
conftest.c:13:15: warning: 'th' is used uninitialized in this function [-Wuninitialized]
 pthread_t th; pthread_join(th, 0);
               ^~~~~~~~~~~~~~~~~~~
configure:4669: $? = 0
configure:4692: result: yes
configure:4711: checking for joinable pthread attribute
configure:4736: gcc-6 -o conftest -g -O2 -Wall   -I$(COMMON)  conftest.c   >&5
configure:4743: $? = 0
configure:4763: result: PTHREAD_CREATE_JOINABLE
configure:4773: checking if more special flags are required for pthreads
configure:4780: result: -D_THREAD_SAFE
configure:4995: creating ./config.status

## ---------------------- ##
## Running config.status. ##
## ---------------------- ##

This file was extended by heat config.status 1.17, which was
generated by GNU Autoconf 2.63.  Invocation command line was

  CONFIG_FILES    = 
  CONFIG_HEADERS  = 
  CONFIG_LINKS    = 
  CONFIG_COMMANDS = 
  $ ./config.status 

on Hassans-MacBook-Pro.local

config.status:772: creating Makefile
config.status:772: creating config.h
config.status:994: config.h is unchanged
config.status:1046: executing depfiles commands

## ---------------- ##
## Cache variables. ##
## ---------------- ##

ac_cv_build=x86_64-apple-darwin16.3.0
ac_cv_c_compiler_gnu=yes
ac_cv_c_const=yes
ac_cv_c_restrict=__restrict
ac_cv_c_volatile=yes
ac_cv_env_CC_set=set
ac_cv_env_CC_value=gcc-6
ac_cv_env_CFLAGS_set=
ac_cv_env_CFLAGS_value=
ac_cv_env_CPPFLAGS_set=
ac_cv_env_CPPFLAGS_value=
ac_cv_env_LDFLAGS_set=
ac_cv_env_LDFLAGS_value=
ac_cv_env_LIBS_set=
ac_cv_env_LIBS_value=
ac_cv_env_build_alias_set=
ac_cv_env_build_alias_value=
ac_cv_env_host_alias_set=
ac_cv_env_host_alias_value=
ac_cv_env_target_alias_set=
ac_cv_env_target_alias_value=
ac_cv_host=x86_64-apple-darwin16.3.0
ac_cv_objext=o
ac_cv_path_install='/usr/bin/install -c'
ac_cv_prog_AWK=awk
ac_cv_prog_ac_ct_CC=gcc-6
ac_cv_prog_ac_ct_RANLIB=ranlib
ac_cv_prog_cc_c89=
ac_cv_prog_cc_c99=
ac_cv_prog_cc_g=yes
ac_cv_prog_make_make_set=yes
ac_cv_search_fabs='none required'
ac_cv_search_fmax='none required'
ac_cv_search_fmin='none required'
ac_cv_search_sqrt='none required'
am_cv_CC_dependencies_compiler_type=gcc3

## ----------------- ##
## Output variables. ##
## ----------------- ##

ACLOCAL='${SHELL} /Users/hassan/Documents/Studies/PMMS/Assignment/Framework/heat-1.17/pth/build-aux/missing --run aclocal-1.11'
AMDEPBACKSLASH='\'
AMDEP_FALSE='#'
AMDEP_TRUE=''
AMTAR='${SHELL} /Users/hassan/Documents/Studies/PMMS/Assignment/Framework/heat-1.17/pth/build-aux/missing --run tar'
AUTOCONF='${SHELL} /Users/hassan/Documents/Studies/PMMS/Assignment/Framework/heat-1.17/pth/build-aux/missing --run autoconf -f'
AUTOHEADER='${SHELL} /Users/hassan/Documents/Studies/PMMS/Assignment/Framework/heat-1.17/pth/build-aux/missing --run autoheader'
AUTOMAKE='${SHELL} /Users/hassan/Documents/Studies/PMMS/Assignment/Framework/heat-1.17/pth/build-aux/missing --run automake-1.11'
AWK='awk'
CC='gcc-6'
CCDEPMODE='depmode=gcc3'
CFLAGS='-g -O2 -Wall -D_THREAD_SAFE '
COMMON='$(srcdir)/../src'
CPPFLAGS=' -I$(COMMON)'
CYGPATH_W='echo'
DEFS='-DHAVE_CONFIG_H'
DEPDIR='.deps'
ECHO_C='\c'
ECHO_N=''
ECHO_T=''
EXEEXT=''
INSTALL_DATA='${INSTALL} -m 644'
INSTALL_PROGRAM='${INSTALL}'
INSTALL_SCRIPT='${INSTALL}'
INSTALL_STRIP_PROGRAM='$(install_sh) -c -s'
LDFLAGS=''
LIBOBJS=''
LIBS=' '
LTLIBOBJS=''
MAKEINFO='${SHELL} /Users/hassan/Documents/Studies/PMMS/Assignment/Framework/heat-1.17/pth/build-aux/missing --run makeinfo'
MKDIR_P='build-aux/install-sh -c -d'
OBJEXT='o'
PACKAGE='heat'
PACKAGE_BUGREPORT='pcs2015@list.uva.nl'
PACKAGE_NAME='heat'
PACKAGE_STRING='heat 1.17'
PACKAGE_TARNAME='heat'
PACKAGE_VERSION='1.17'
PATH_SEPARATOR=':'
PTHREAD_CC='gcc-6'
PTHREAD_CFLAGS='-D_THREAD_SAFE '
PTHREAD_LIBS=''
RANLIB='ranlib'
SET_MAKE=''
SHELL='/bin/sh'
STRIP=''
VERSION='1.17'
ac_ct_CC='gcc-6'
am__EXEEXT_FALSE=''
am__EXEEXT_TRUE='#'
am__fastdepCC_FALSE='#'
am__fastdepCC_TRUE=''
am__include='include'
am__isrc=''
am__leading_dot='.'
am__quote=''
am__tar='${AMTAR} chof - "$$tardir"'
am__untar='${AMTAR} xf -'
ax_pthread_config=''
bindir='${exec_prefix}/bin'
build='x86_64-apple-darwin16.3.0'
build_alias=''
build_cpu='x86_64'
build_os='darwin16.3.0'
build_vendor='apple'
datadir='${datarootdir}'
datarootdir='${prefix}/share'
docdir='${datarootdir}/doc/${PACKAGE_TARNAME}'
dvidir='${docdir}'
exec_prefix='${prefix}'
host='x86_64-apple-darwin16.3.0'
host_alias=''
host_cpu='x86_64'
host_os='darwin16.3.0'
host_vendor='apple'
htmldir='${docdir}'
includedir='${prefix}/include'
infodir='${datarootdir}/info'
install_sh='${SHELL} /Users/hassan/Documents/Studies/PMMS/Assignment/Framework/heat-1.17/pth/build-aux/install-sh'
libdir='${exec_prefix}/lib'
libexecdir='${exec_prefix}/libexec'
localedir='${datarootdir}/locale'
localstatedir='${prefix}/var'
mandir='${datarootdir}/man'
mkdir_p='$(top_builddir)/build-aux/install-sh -c -d'
oldincludedir='/usr/include'
pdfdir='${docdir}'
prefix='/usr/local'
program_transform_name='s,x,x,'
psdir='${docdir}'
sbindir='${exec_prefix}/sbin'
sharedstatedir='${prefix}/com'
sysconfdir='${prefix}/etc'
target_alias=''

## ----------- ##
## confdefs.h. ##
## ----------- ##

#define PACKAGE_NAME "heat"
#define PACKAGE_TARNAME "heat"
#define PACKAGE_VERSION "1.17"
#define PACKAGE_STRING "heat 1.17"
#define PACKAGE_BUGREPORT "pcs2015@list.uva.nl"
#define restrict __restrict
#define HAVE_PTHREAD 1

configure: exit 0
